app/build/outputs/logs/manifest-merger-debug-report.txt
-- Merging decision tree log ---
manifest
ADDED from src\main\AndroidManifest.xml:2:1-25:12
	package
		ADDED from src\main\AndroidManifest.xml:3:5-36
		INJECTED from src\main\AndroidManifest.xml
		INJECTED from src\main\AndroidManifest.xml
	android:versionName
		ADDED from src\main\AndroidManifest.xml:5:5-30
	android:versionCode
		ADDED from src\main\AndroidManifest.xml:4:5-28
		INJECTED from src\main\AndroidManifest.xml
		INJECTED from src\main\AndroidManifest.xml
	xmlns:android
		ADDED from src\main\AndroidManifest.xml:2:11-69
uses-sdk
ADDED from src\main\AndroidManifest.xml:7:5-9:41
	android:targetSdkVersion
		ADDED from src\main\AndroidManifest.xml:9:9-38
		INJECTED from src\main\AndroidManifest.xml
		INJECTED from src\main\AndroidManifest.xml
	android:minSdkVersion
		ADDED from src\main\AndroidManifest.xml:8:9-34
		INJECTED from src\main\AndroidManifest.xml
		INJECTED from src\main\AndroidManifest.xml
instrumentation#android.test.InstrumentationTestRunner
ADDED from src\main\AndroidManifest.xml:10:5-140
	android:targetPackage
		ADDED from src\main\AndroidManifest.xml:10:22-67
	android:name
		ADDED from src\main\AndroidManifest.xml:10:68-121
application
ADDED from src\main\AndroidManifest.xml:12:5-23:19
	android:label
		ADDED from src\main\AndroidManifest.xml:12:82-114
	android:allowBackup
		ADDED from src\main\AndroidManifest.xml:12:18-44
	android:icon
		ADDED from src\main\AndroidManifest.xml:12:45-81
	android:description
		ADDED from src\main\AndroidManifest.xml:12:147-192
	android:theme
		ADDED from src\main\AndroidManifest.xml:12:115-146
activity#karega.scott.checkers.MainActivity
ADDED from src\main\AndroidManifest.xml:13:9-19:20
	android:screenOrientation
		ADDED from src\main\AndroidManifest.xml:13:102-138
	android:label
		ADDED from src\main\AndroidManifest.xml:13:69-101
	android:name
		ADDED from src\main\AndroidManifest.xml:13:19-68
intent-filter#android.intent.action.MAIN+android.intent.category.LAUNCHER
ADDED from src\main\AndroidManifest.xml:14:13-18:29
action#android.intent.action.MAIN
ADDED from src\main\AndroidManifest.xml:15:17-69
	android:name
		ADDED from src\main\AndroidManifest.xml:15:25-66
category#android.intent.category.LAUNCHER
ADDED from src\main\AndroidManifest.xml:17:17-77
	android:name
		ADDED from src\main\AndroidManifest.xml:17:27-74
activity#karega.scott.checkers.BoardActivity
ADDED from src\main\AndroidManifest.xml:20:9-21:20
	android:screenOrientation
		ADDED from src\main\AndroidManifest.xml:20:115-151
	android:label
		ADDED from src\main\AndroidManifest.xml:20:70-114
	android:name
		ADDED from src\main\AndroidManifest.xml:20:19-69
uses-library#android.test.runner
ADDED from src\main\AndroidManifest.xml:22:9-83
	android:required
		ADDED from src\main\AndroidManifest.xml:22:23-46
	android:name
		ADDED from src\main\AndroidManifest.xml:22:47-81